<?xml version="1.0" encoding="UTF-8"?>
<testng-results ignored="0" total="2" passed="2" failed="0" skipped="0">
  <reporter-output>
  </reporter-output>
  <suite started-at="2023-12-04T12:57:11 EET" name="Surefire suite" finished-at="2023-12-04T12:57:24 EET" duration-ms="13977">
    <groups>
    </groups>
    <test started-at="2023-12-04T12:57:11 EET" name="Surefire test" finished-at="2023-12-04T12:57:24 EET" duration-ms="13977">
      <class name="POM_Assignment">
        <test-method is-config="true" signature="beforeMethod()[pri:0, instance:POM_Assignment@47542153]" started-at="2023-12-04T12:57:11 EET" name="beforeMethod" finished-at="2023-12-04T12:57:16 EET" duration-ms="5325" status="PASS">
          <reporter-output>
          </reporter-output>
        </test-method> <!-- beforeMethod -->
        <test-method signature="testSearchGiza()[pri:0, instance:POM_Assignment@47542153]" started-at="2023-12-04T12:57:16 EET" name="testSearchGiza" finished-at="2023-12-04T12:57:19 EET" duration-ms="2703" status="PASS">
          <reporter-output>
          </reporter-output>
        </test-method> <!-- testSearchGiza -->
        <test-method is-config="true" signature="afterMethod()[pri:0, instance:POM_Assignment@47542153]" started-at="2023-12-04T12:57:19 EET" name="afterMethod" finished-at="2023-12-04T12:57:19 EET" duration-ms="276" status="PASS">
          <reporter-output>
          </reporter-output>
        </test-method> <!-- afterMethod -->
        <test-method is-config="true" signature="beforeMethod()[pri:0, instance:POM_Assignment@47542153]" started-at="2023-12-04T12:57:19 EET" name="beforeMethod" finished-at="2023-12-04T12:57:21 EET" duration-ms="2418" status="PASS">
          <reporter-output>
          </reporter-output>
        </test-method> <!-- beforeMethod -->
        <test-method signature="testSearchSelenium()[pri:0, instance:POM_Assignment@47542153]" started-at="2023-12-04T12:57:21 EET" name="testSearchSelenium" finished-at="2023-12-04T12:57:24 EET" duration-ms="2927" status="PASS">
          <reporter-output>
          </reporter-output>
        </test-method> <!-- testSearchSelenium -->
        <test-method is-config="true" signature="afterMethod()[pri:0, instance:POM_Assignment@47542153]" started-at="2023-12-04T12:57:24 EET" name="afterMethod" finished-at="2023-12-04T12:57:24 EET" duration-ms="281" status="PASS">
          <reporter-output>
          </reporter-output>
        </test-method> <!-- afterMethod -->
      </class> <!-- POM_Assignment -->
    </test> <!-- Surefire test -->
  </suite> <!-- Surefire suite -->
</testng-results>
