<?xml version="1.0" encoding="UTF-8"?>
<testng-results ignored="0" total="2" passed="2" failed="0" skipped="0">
  <reporter-output>
  </reporter-output>
  <suite started-at="2023-12-03T17:19:23 EET" name="Default Suite" finished-at="2023-12-03T17:19:50 EET" duration-ms="26893">
    <groups>
    </groups>
    <test started-at="2023-12-03T17:19:23 EET" name="FirstJavaMavenProj" finished-at="2023-12-03T17:19:50 EET" duration-ms="26893">
      <class name="SeleniumTestNGDemo">
        <test-method is-config="true" signature="beforeMethod()[pri:0, instance:SeleniumTestNGDemo@7c417213]" started-at="2023-12-03T17:19:23 EET" name="beforeMethod" finished-at="2023-12-03T17:19:28 EET" duration-ms="4267" status="PASS">
          <reporter-output>
          </reporter-output>
        </test-method> <!-- beforeMethod -->
        <test-method signature="testSearchGiza()[pri:0, instance:SeleniumTestNGDemo@7c417213]" started-at="2023-12-03T17:19:28 EET" name="testSearchGiza" finished-at="2023-12-03T17:19:37 EET" duration-ms="9349" status="PASS">
          <reporter-output>
          </reporter-output>
        </test-method> <!-- testSearchGiza -->
        <test-method is-config="true" signature="afterMethod()[pri:0, instance:SeleniumTestNGDemo@7c417213]" started-at="2023-12-03T17:19:37 EET" name="afterMethod" finished-at="2023-12-03T17:19:37 EET" duration-ms="330" status="PASS">
          <reporter-output>
          </reporter-output>
        </test-method> <!-- afterMethod -->
        <test-method is-config="true" signature="beforeMethod()[pri:0, instance:SeleniumTestNGDemo@7c417213]" started-at="2023-12-03T17:19:37 EET" name="beforeMethod" finished-at="2023-12-03T17:19:43 EET" duration-ms="5599" status="PASS">
          <reporter-output>
          </reporter-output>
        </test-method> <!-- beforeMethod -->
        <test-method signature="testSearchSelenium()[pri:0, instance:SeleniumTestNGDemo@7c417213]" started-at="2023-12-03T17:19:43 EET" name="testSearchSelenium" finished-at="2023-12-03T17:19:50 EET" duration-ms="6991" status="PASS">
          <reporter-output>
          </reporter-output>
        </test-method> <!-- testSearchSelenium -->
        <test-method is-config="true" signature="afterMethod()[pri:0, instance:SeleniumTestNGDemo@7c417213]" started-at="2023-12-03T17:19:50 EET" name="afterMethod" finished-at="2023-12-03T17:19:50 EET" duration-ms="302" status="PASS">
          <reporter-output>
          </reporter-output>
        </test-method> <!-- afterMethod -->
      </class> <!-- SeleniumTestNGDemo -->
    </test> <!-- FirstJavaMavenProj -->
  </suite> <!-- Default Suite -->
</testng-results>
